Monad Autograder
Testing mp_list at 2014-07-08 01:07:18

"I've seen it on Google Maps; I think I know what I'm talking about" ~ Kyle Johnson

Setting up test environment...
Compiling...
================================================================


Running tests...
================================================================
test_push_front . . . . . . . . . . [2 pts]  - passed
test_push_back  . . . . . . . . . . [2 pts]  - passed
test_dtor_10 (asan) . . . . . . . . [3 pts]  - passed
test_dtor_37 (asan) . . . . . . . . [3 pts]  - passed
test_reverse_20_size  . . . . . . . [1 pts]  - passed
test_reverse_20_forward . . . . . . [1 pts]  - passed
test_reverse_20_backward  . . . . . [1 pts]  - FAILED: Timed out (1000ms)
test_reverse_37_size  . . . . . . . [1 pts]  - passed
test_reverse_37_forward . . . . . . [1 pts]  - passed
test_reverse_37_backward  . . . . . [1 pts]  - FAILED: Timed out (1000ms)
test_reverse_empty (asan) . . . . . [1 pts]  - FAILED: Timed out (10000ms)
test_reverse_20_memory (asan) . . . [1 pts]  - FAILED: Timed out (10000ms)
test_reverse_nth_20_2_size  . . . . [1 pts]  - FAILED: Segmentation fault
test_reverse_nth_20_2_forward . . . [1 pts]  - FAILED: Segmentation fault
test_reverse_nth_20_2_backward  . . [1 pts]  - FAILED: Segmentation fault
test_reverse_nth_37_4_size  . . . . [1 pts]  - FAILED: Segmentation fault
test_reverse_nth_37_4_forward . . . [1 pts]  - FAILED: Segmentation fault
test_reverse_nth_37_4_backward  . . [1 pts]  - FAILED: Segmentation fault
test_reverse_nth_37_37  . . . . . . [1 pts]  - FAILED: Segmentation fault
test_reverse_nth_37_4_memory (asan) [1 pts]  - FAILED: Memory errors detected by ASAN
test_reverse_nth_empty (asan) . . . [1 pts]  - FAILED: Memory errors detected by ASAN
test_waterfall_4_size . . . . . . . [1 pts]  - passed
test_waterfall_4_forward  . . . . . [1 pts]  - passed
test_waterfall_4_backward . . . . . [2 pts]  - passed
test_waterfall_7_size . . . . . . . [1 pts]  - passed
test_waterfall_7_forward  . . . . . [1 pts]  - passed
test_waterfall_7_backward . . . . . [2 pts]  - passed
testWaterfall12_size  . . . . . . . [1 pts]  - passed
testWaterfall12_forward . . . . . . [1 pts]  - passed
testWaterfall12_backward  . . . . . [2 pts]  - passed
test_waterfall_7_memory (asan)  . . [3 pts]  - passed
test_waterfall_empty (asan) . . . . [3 pts]  - passed
test_split_5_this_size  . . . . . . [1 pts]  - passed
test_split_5_this_forward . . . . . [1 pts]  - passed
test_split_5_this_backward  . . . . [1 pts]  - passed
test_split_5_split_size . . . . . . [1 pts]  - passed
test_split_5_split_forward  . . . . [1 pts]  - passed
test_split_5_split_backward . . . . [1 pts]  - passed
test_split_5_mem (asan) . . . . . . [3 pts]  - passed
test_merge_size . . . . . . . . . . [1 pts]  - passed
test_merge_forward  . . . . . . . . [1 pts]  - passed
test_merge_backward . . . . . . . . [1 pts]  - passed
test_merge_mem (asan) . . . . . . . [3 pts]  - passed
test_sort_16p_s . . . . . . . . . . [1 pts]  - passed
test_sort_16p_f . . . . . . . . . . [2 pts]  - passed
test_sort_16p_b . . . . . . . . . . [2 pts]  - passed
test_sort_20p_s . . . . . . . . . . [1 pts]  - passed
test_sort_20p_f . . . . . . . . . . [2 pts]  - passed
test_sort_20p_b . . . . . . . . . . [2 pts]  - passed
test_sort_27p_s . . . . . . . . . . [1 pts]  - passed
test_sort_27p_f . . . . . . . . . . [2 pts]  - passed
test_sort_27p_b . . . . . . . . . . [2 pts]  - passed
test_sort_empty . . . . . . . . . . [5 pts]  - passed
test_sort_259p_s  . . . . . . . . . [1 pts]  - passed
test_sort_259p_f  . . . . . . . . . [2 pts]  - passed
test_sort_259p_b  . . . . . . . . . [2 pts]  - passed
test_sort_memory (asan) . . . . . . [5 pts]  - passed
test_sort_nlogn . . . . . . . . . . [10 pts] - passed


Total score...
================================================================
TOTAL SCORE: 87



Detailed test output...
================================================================
----------------------------------------------------------------
test_reverse_20_backward [1 points]
Result: FAILED: Timed out (1000ms)
Took 1000ms (1000ms timeout)
Output:
----------------------------------------------------------------

----------------------------------------------------------------
test_reverse_37_backward [1 points]
Result: FAILED: Timed out (1000ms)
Took 1000ms (1000ms timeout)
Output:
----------------------------------------------------------------

----------------------------------------------------------------
test_reverse_empty (run under asan) [1 points]
Result: FAILED: Timed out (10000ms)
Took unknown time (10000ms timeout)
Output:
----------------------------------------------------------------
Running test_reverse_empty [worth 1 points, output below]
Result: FAILED:
Timed out (10000ms)

----------------------------------------------------------------
test_reverse_20_memory (run under asan) [1 points]
Result: FAILED: Timed out (10000ms)
Took unknown time (10000ms timeout)
Output:
----------------------------------------------------------------
Running test_reverse_20_memory [worth 1 points, output below]
Result: FAILED:
Timed out (10000ms)

----------------------------------------------------------------
test_reverse_nth_20_2_size [1 points]
Result: FAILED: Segmentation fault
Took 0ms (1000ms timeout)
Output:
----------------------------------------------------------------
[test_inserts]: 
[test_inserts]: 
[test_inserts]: 
[test_inserts]: 
[test_inserts]: 
[test_inserts]: 

----------------------------------------------------------------
test_reverse_nth_20_2_forward [1 points]
Result: FAILED: Segmentation fault
Took 0ms (1000ms timeout)
Output:
----------------------------------------------------------------
[test_inserts]: 
[test_inserts]: 
[test_inserts]: 
[test_inserts]: 
[test_inserts]: 
[test_inserts]: 

----------------------------------------------------------------
test_reverse_nth_20_2_backward [1 points]
Result: FAILED: Segmentation fault
Took 0ms (1000ms timeout)
Output:
----------------------------------------------------------------
[test_inserts]: 
[test_inserts]: 
[test_inserts]: 
[test_inserts]: 
[test_inserts]: 
[test_inserts]: 

----------------------------------------------------------------
test_reverse_nth_37_4_size [1 points]
Result: FAILED: Segmentation fault
Took 0ms (1000ms timeout)
Output:
----------------------------------------------------------------
[test_inserts]: 
[test_inserts]: 
[test_inserts]: 
[test_inserts]: 
[test_inserts]: 
[test_inserts]: 
[test_inserts]: 
[test_inserts]: 

----------------------------------------------------------------
test_reverse_nth_37_4_forward [1 points]
Result: FAILED: Segmentation fault
Took 0ms (1000ms timeout)
Output:
----------------------------------------------------------------
[test_inserts]: 
[test_inserts]: 
[test_inserts]: 
[test_inserts]: 
[test_inserts]: 
[test_inserts]: 
[test_inserts]: 
[test_inserts]: 

----------------------------------------------------------------
test_reverse_nth_37_4_backward [1 points]
Result: FAILED: Segmentation fault
Took 0ms (1000ms timeout)
Output:
----------------------------------------------------------------
[test_inserts]: 
[test_inserts]: 
[test_inserts]: 
[test_inserts]: 
[test_inserts]: 
[test_inserts]: 
[test_inserts]: 
[test_inserts]: 

----------------------------------------------------------------
test_reverse_nth_37_37 [1 points]
Result: FAILED: Segmentation fault
Took 0ms (1000ms timeout)
Output:
----------------------------------------------------------------

----------------------------------------------------------------
test_reverse_nth_37_4_memory (run under asan) [1 points]
Result: FAILED: Memory errors detected by ASAN
Took unknown time (10000ms timeout)
Output:
----------------------------------------------------------------
Running test_reverse_nth_37_4_memory [worth 1 points, output below]
[test_inserts]: 
[test_inserts]: 
[test_inserts]: 
[test_inserts]: 
[test_inserts]: 
[test_inserts]: 
[test_inserts]: 
[test_inserts]: 
ASAN:SIGSEGV
=================================================================
==25235==ERROR: AddressSanitizer: SEGV on unknown address 0x000000000008 (pc 0x0000004a744b sp 0x7fffe9d32d60 bp 0x7fffe9d32ed0 T0)
    #0 0x4a744a in cs225::dl_list<int>::reverse(std::__1::unique_ptr<cs225::dl_list<int>::node, std::__1::default_delete<cs225::dl_list<int>::node> >&, cs225::dl_list<int>::node*&) /dev/shm/geigle1/su14/monad/mp_list_grade/include/dl_list.tcc:188
    #1 0x49ea53 in cs225::dl_list<int>::reverse_nth(unsigned int) /dev/shm/geigle1/su14/monad/mp_list_grade/include/dl_list.h:504
    #2 0x49914f in testReverseNth(int, int, check_t, bool) /dev/shm/geigle1/su14/monad/mp_list_grade/unit_tests.cpp:257
    #3 0x472be5 in proxy::test_execution::child_test() /dev/shm/geigle1/su14/monad/mp_list_grade/proxy.cpp:597
    #4 0x47076a in proxy::test_execution::child() /dev/shm/geigle1/su14/monad/mp_list_grade/proxy.cpp:479
    #5 0x470044 in proxy::RunTests::run_single_test(monad_shared::unit_test_input const&) /dev/shm/geigle1/su14/monad/mp_list_grade/proxy.cpp:269
    #6 0x46f0a7 in proxy::RunTests::run_single_test(char const*) /dev/shm/geigle1/su14/monad/mp_list_grade/proxy.cpp:254
    #7 0x46eda0 in proxy::RunTests::execute_by_mode() /dev/shm/geigle1/su14/monad/mp_list_grade/proxy.cpp:239
    #8 0x46e2ba in proxy::RunTests::execute() /dev/shm/geigle1/su14/monad/mp_list_grade/proxy.cpp:230
    #9 0x46de06 in main /dev/shm/geigle1/su14/monad/mp_list_grade/proxy.cpp:117
    #10 0x3a26a1ed1c in __libc_start_main (/lib64/libc.so.6+0x3a26a1ed1c)
    #11 0x46d5e8 in _start (/dev/shm/geigle1/su14/monad/mp_list_grade/proxy-asan+0x46d5e8)

AddressSanitizer can not provide additional info.
SUMMARY: AddressSanitizer: SEGV /dev/shm/geigle1/su14/monad/mp_list_grade/include/dl_list.tcc:188 cs225::dl_list<int>::reverse(std::__1::unique_ptr<cs225::dl_list<int>::node, std::__1::default_delete<cs225::dl_list<int>::node> >&, cs225::dl_list<int>::node*&)
==25235==ABORTING
Result: FAILED:
Memory Errors Detected by ASAN

----------------------------------------------------------------
test_reverse_nth_empty (run under asan) [1 points]
Result: FAILED: Memory errors detected by ASAN
Took unknown time (10000ms timeout)
Output:
----------------------------------------------------------------
Running test_reverse_nth_empty [worth 1 points, output below]
ASAN:SIGSEGV
=================================================================
==25240==ERROR: AddressSanitizer: SEGV on unknown address 0x000000000000 (pc 0x00000049e585 sp 0x7fff5c76ba20 bp 0x7fff5c76bb30 T0)
    #0 0x49e584 in std::__1::unique_ptr<cs225::dl_list<int>::node, std::__1::default_delete<cs225::dl_list<int>::node> >::get() const /class/cs225/llvm/include/c++/v1/memory:2609
    #1 0x49e584 in cs225::dl_list<int>::reverse_nth(unsigned int) /dev/shm/geigle1/su14/monad/mp_list_grade/include/dl_list.tcc:457
    #2 0x49914f in testReverseNth(int, int, check_t, bool) /dev/shm/geigle1/su14/monad/mp_list_grade/unit_tests.cpp:257
    #3 0x4994d9 in proxy_test::test_reverse_nth_empty(util::sizedpipestream<512ul>&) /dev/shm/geigle1/su14/monad/mp_list_grade/unit_tests.cpp:336
    #4 0x472be5 in proxy::test_execution::child_test() /dev/shm/geigle1/su14/monad/mp_list_grade/proxy.cpp:597
    #5 0x47076a in proxy::test_execution::child() /dev/shm/geigle1/su14/monad/mp_list_grade/proxy.cpp:479
    #6 0x470044 in proxy::RunTests::run_single_test(monad_shared::unit_test_input const&) /dev/shm/geigle1/su14/monad/mp_list_grade/proxy.cpp:269
    #7 0x46f0a7 in proxy::RunTests::run_single_test(char const*) /dev/shm/geigle1/su14/monad/mp_list_grade/proxy.cpp:254
    #8 0x46eda0 in proxy::RunTests::execute_by_mode() /dev/shm/geigle1/su14/monad/mp_list_grade/proxy.cpp:239
    #9 0x46e2ba in proxy::RunTests::execute() /dev/shm/geigle1/su14/monad/mp_list_grade/proxy.cpp:230
    #10 0x46de06 in main /dev/shm/geigle1/su14/monad/mp_list_grade/proxy.cpp:117
    #11 0x3a26a1ed1c in __libc_start_main (/lib64/libc.so.6+0x3a26a1ed1c)
    #12 0x46d5e8 in _start (/dev/shm/geigle1/su14/monad/mp_list_grade/proxy-asan+0x46d5e8)

AddressSanitizer can not provide additional info.
SUMMARY: AddressSanitizer: SEGV /class/cs225/llvm/include/c++/v1/memory:2609 std::__1::unique_ptr<cs225::dl_list<int>::node, std::__1::default_delete<cs225::dl_list<int>::node> >::get() const
==25240==ABORTING
Result: FAILED:
Memory Errors Detected by ASAN


----------------------------------------------------------------
Total score...
================================================================
TOTAL SCORE: 87

